[ 2015-08-13T19:08:35+08:00 ] 10.1.2.131 /wukongHrm/index.php?g=core&m=task&a=ajaxmonth&year=2015&month=7
NOTIC: [8192] preg_replace(): The /e modifier is deprecated, use preg_replace_callback instead /Applications/XAMPP/xamppfiles/htdocs/wukongHRM/Base/Common/common.php 第 217 行.
INFO: [ app_begin ] --START--
INFO: ReadHtmlCache Behavior ::run [ RunTime:0.000194s ]
INFO: App Behavior ::run [ RunTime:0.000281s ]
INFO: [ app_begin ] --END-- [ RunTime:0.000516s ]
INFO: Authenticate Behavior ::run [ RunTime:0.000179s ]
NOTIC: 建议使用I方法替代_get
NOTIC: 建议使用I方法替代_get
NOTIC: [8192] mysql_connect(): The mysql extension is deprecated and will be removed in the future: use mysqli or PDO instead /Applications/XAMPP/xamppfiles/htdocs/wukongHRM/Base/Lib/Driver/Db/DbMysql.class.php 第 55 行.
SQL: SHOW COLUMNS FROM `hr_task` [ RunTime:0.001022s ]
NOTIC: [8192] preg_replace(): The /e modifier is deprecated, use preg_replace_callback instead /Applications/XAMPP/xamppfiles/htdocs/wukongHRM/Base/Lib/Core/Db.class.php 第 604 行.
SQL: SELECT * FROM `hr_task` WHERE ( `executor_id` = 1 ) AND (  (  (`start_time` BETWEEN 1438358399 AND 1441036800 ) ) OR (  ( `start_time` < 1438358399 ) AND ( `end_time` > 1438358400 ) ) )  [ RunTime:0.000201s ]
SQL: SHOW COLUMNS FROM `hr_event` [ RunTime:0.000796s ]
NOTIC: [8192] preg_replace(): The /e modifier is deprecated, use preg_replace_callback instead /Applications/XAMPP/xamppfiles/htdocs/wukongHRM/Base/Lib/Core/Db.class.php 第 604 行.
SQL: SELECT * FROM `hr_event` WHERE ( `user_id` = 1 ) AND (  (  (`start_time` BETWEEN 1438358399 AND 1441036800 ) ) OR (  ( `start_time` < 1438358399 ) AND ( `end_time` > 1438358400 ) ) )  [ RunTime:0.000151s ]
NOTIC: [2] Invalid argument supplied for foreach() /Applications/XAMPP/xamppfiles/htdocs/wukongHRM/App/Lib/Model/TaskModel.class.php 第 61 行.
NOTIC: [8] Undefined variable: month_work /Applications/XAMPP/xamppfiles/htdocs/wukongHRM/App/Lib/Model/TaskModel.class.php 第 76 行.

[ 2015-08-13T19:08:35+08:00 ] 10.1.2.131 /wukongHrm/index.php?g=core&m=message&a=tips
NOTIC: [8192] preg_replace(): The /e modifier is deprecated, use preg_replace_callback instead /Applications/XAMPP/xamppfiles/htdocs/wukongHRM/Base/Common/common.php 第 217 行.
INFO: [ app_begin ] --START--
INFO: ReadHtmlCache Behavior ::run [ RunTime:0.000189s ]
INFO: App Behavior ::run [ RunTime:0.000270s ]
INFO: [ app_begin ] --END-- [ RunTime:0.000498s ]
INFO: Authenticate Behavior ::run [ RunTime:0.000187s ]
NOTIC: [8192] mysql_connect(): The mysql extension is deprecated and will be removed in the future: use mysqli or PDO instead /Applications/XAMPP/xamppfiles/htdocs/wukongHRM/Base/Lib/Driver/Db/DbMysql.class.php 第 55 行.
SQL: SHOW COLUMNS FROM `hr_message` [ RunTime:0.000890s ]
NOTIC: [8192] preg_replace(): The /e modifier is deprecated, use preg_replace_callback instead /Applications/XAMPP/xamppfiles/htdocs/wukongHRM/Base/Lib/Core/Db.class.php 第 604 行.
SQL: SELECT COUNT(*) AS tp_count FROM `hr_message` WHERE ( `to_user_id` = 1 ) AND ( `read_time` = 0 ) AND ( `is_deleted` <> 1 ) LIMIT 1   [ RunTime:0.000193s ]

[ 2015-08-13T19:08:40+08:00 ] 10.1.2.131 /wukongHrm/index.php?g=core&m=message&a=tips
NOTIC: [8192] preg_replace(): The /e modifier is deprecated, use preg_replace_callback instead /Applications/XAMPP/xamppfiles/htdocs/wukongHRM/Base/Common/common.php 第 217 行.
INFO: [ app_begin ] --START--
INFO: ReadHtmlCache Behavior ::run [ RunTime:0.000244s ]
INFO: App Behavior ::run [ RunTime:0.000354s ]
INFO: [ app_begin ] --END-- [ RunTime:0.000648s ]
INFO: Authenticate Behavior ::run [ RunTime:0.000143s ]
NOTIC: [8192] mysql_connect(): The mysql extension is deprecated and will be removed in the future: use mysqli or PDO instead /Applications/XAMPP/xamppfiles/htdocs/wukongHRM/Base/Lib/Driver/Db/DbMysql.class.php 第 55 行.
SQL: SHOW COLUMNS FROM `hr_message` [ RunTime:0.001709s ]
NOTIC: [8192] preg_replace(): The /e modifier is deprecated, use preg_replace_callback instead /Applications/XAMPP/xamppfiles/htdocs/wukongHRM/Base/Lib/Core/Db.class.php 第 604 行.
SQL: SELECT COUNT(*) AS tp_count FROM `hr_message` WHERE ( `to_user_id` = 1 ) AND ( `read_time` = 0 ) AND ( `is_deleted` <> 1 ) LIMIT 1   [ RunTime:0.000203s ]

[ 2015-08-13T19:08:45+08:00 ] 10.1.2.131 /wukongHrm/index.php?g=core&m=message&a=tips
NOTIC: [8192] preg_replace(): The /e modifier is deprecated, use preg_replace_callback instead /Applications/XAMPP/xamppfiles/htdocs/wukongHRM/Base/Common/common.php 第 217 行.
INFO: [ app_begin ] --START--
INFO: ReadHtmlCache Behavior ::run [ RunTime:0.000242s ]
INFO: App Behavior ::run [ RunTime:0.000306s ]
INFO: [ app_begin ] --END-- [ RunTime:0.000595s ]
INFO: Authenticate Behavior ::run [ RunTime:0.000147s ]
NOTIC: [8192] mysql_connect(): The mysql extension is deprecated and will be removed in the future: use mysqli or PDO instead /Applications/XAMPP/xamppfiles/htdocs/wukongHRM/Base/Lib/Driver/Db/DbMysql.class.php 第 55 行.
SQL: SHOW COLUMNS FROM `hr_message` [ RunTime:0.001158s ]
NOTIC: [8192] preg_replace(): The /e modifier is deprecated, use preg_replace_callback instead /Applications/XAMPP/xamppfiles/htdocs/wukongHRM/Base/Lib/Core/Db.class.php 第 604 行.
SQL: SELECT COUNT(*) AS tp_count FROM `hr_message` WHERE ( `to_user_id` = 1 ) AND ( `read_time` = 0 ) AND ( `is_deleted` <> 1 ) LIMIT 1   [ RunTime:0.000179s ]

[ 2015-08-13T19:08:50+08:00 ] 10.1.2.131 /wukongHrm/index.php?g=core&m=message&a=tips
NOTIC: [8192] preg_replace(): The /e modifier is deprecated, use preg_replace_callback instead /Applications/XAMPP/xamppfiles/htdocs/wukongHRM/Base/Common/common.php 第 217 行.
INFO: [ app_begin ] --START--
INFO: ReadHtmlCache Behavior ::run [ RunTime:0.000282s ]
INFO: App Behavior ::run [ RunTime:0.000338s ]
INFO: [ app_begin ] --END-- [ RunTime:0.000673s ]
INFO: Authenticate Behavior ::run [ RunTime:0.000190s ]
NOTIC: [8192] mysql_connect(): The mysql extension is deprecated and will be removed in the future: use mysqli or PDO instead /Applications/XAMPP/xamppfiles/htdocs/wukongHRM/Base/Lib/Driver/Db/DbMysql.class.php 第 55 行.
SQL: SHOW COLUMNS FROM `hr_message` [ RunTime:0.001726s ]
NOTIC: [8192] preg_replace(): The /e modifier is deprecated, use preg_replace_callback instead /Applications/XAMPP/xamppfiles/htdocs/wukongHRM/Base/Lib/Core/Db.class.php 第 604 行.
SQL: SELECT COUNT(*) AS tp_count FROM `hr_message` WHERE ( `to_user_id` = 1 ) AND ( `read_time` = 0 ) AND ( `is_deleted` <> 1 ) LIMIT 1   [ RunTime:0.000209s ]

[ 2015-08-13T19:08:55+08:00 ] 10.1.2.131 /wukongHrm/index.php?g=core&m=message&a=tips
NOTIC: [8192] preg_replace(): The /e modifier is deprecated, use preg_replace_callback instead /Applications/XAMPP/xamppfiles/htdocs/wukongHRM/Base/Common/common.php 第 217 行.
INFO: [ app_begin ] --START--
INFO: ReadHtmlCache Behavior ::run [ RunTime:0.000240s ]
INFO: App Behavior ::run [ RunTime:0.000345s ]
INFO: [ app_begin ] --END-- [ RunTime:0.000632s ]
INFO: Authenticate Behavior ::run [ RunTime:0.000137s ]
NOTIC: [8192] mysql_connect(): The mysql extension is deprecated and will be removed in the future: use mysqli or PDO instead /Applications/XAMPP/xamppfiles/htdocs/wukongHRM/Base/Lib/Driver/Db/DbMysql.class.php 第 55 行.
SQL: SHOW COLUMNS FROM `hr_message` [ RunTime:0.001756s ]
NOTIC: [8192] preg_replace(): The /e modifier is deprecated, use preg_replace_callback instead /Applications/XAMPP/xamppfiles/htdocs/wukongHRM/Base/Lib/Core/Db.class.php 第 604 行.
SQL: SELECT COUNT(*) AS tp_count FROM `hr_message` WHERE ( `to_user_id` = 1 ) AND ( `read_time` = 0 ) AND ( `is_deleted` <> 1 ) LIMIT 1   [ RunTime:0.000200s ]

[ 2015-08-13T19:09:00+08:00 ] 10.1.2.131 /wukongHrm/index.php?g=core&m=message&a=tips
NOTIC: [8192] preg_replace(): The /e modifier is deprecated, use preg_replace_callback instead /Applications/XAMPP/xamppfiles/htdocs/wukongHRM/Base/Common/common.php 第 217 行.
INFO: [ app_begin ] --START--
INFO: ReadHtmlCache Behavior ::run [ RunTime:0.000240s ]
INFO: App Behavior ::run [ RunTime:0.000351s ]
INFO: [ app_begin ] --END-- [ RunTime:0.000640s ]
INFO: Authenticate Behavior ::run [ RunTime:0.000138s ]
NOTIC: [8192] mysql_connect(): The mysql extension is deprecated and will be removed in the future: use mysqli or PDO instead /Applications/XAMPP/xamppfiles/htdocs/wukongHRM/Base/Lib/Driver/Db/DbMysql.class.php 第 55 行.
SQL: SHOW COLUMNS FROM `hr_message` [ RunTime:0.001403s ]
NOTIC: [8192] preg_replace(): The /e modifier is deprecated, use preg_replace_callback instead /Applications/XAMPP/xamppfiles/htdocs/wukongHRM/Base/Lib/Core/Db.class.php 第 604 行.
SQL: SELECT COUNT(*) AS tp_count FROM `hr_message` WHERE ( `to_user_id` = 1 ) AND ( `read_time` = 0 ) AND ( `is_deleted` <> 1 ) LIMIT 1   [ RunTime:0.000179s ]

[ 2015-08-13T19:09:05+08:00 ] 10.1.2.131 /wukongHrm/index.php?g=core&m=message&a=tips
NOTIC: [8192] preg_replace(): The /e modifier is deprecated, use preg_replace_callback instead /Applications/XAMPP/xamppfiles/htdocs/wukongHRM/Base/Common/common.php 第 217 行.
INFO: [ app_begin ] --START--
INFO: ReadHtmlCache Behavior ::run [ RunTime:0.000241s ]
INFO: App Behavior ::run [ RunTime:0.000340s ]
INFO: [ app_begin ] --END-- [ RunTime:0.000632s ]
INFO: Authenticate Behavior ::run [ RunTime:0.000142s ]
NOTIC: [8192] mysql_connect(): The mysql extension is deprecated and will be removed in the future: use mysqli or PDO instead /Applications/XAMPP/xamppfiles/htdocs/wukongHRM/Base/Lib/Driver/Db/DbMysql.class.php 第 55 行.
SQL: SHOW COLUMNS FROM `hr_message` [ RunTime:0.001742s ]
NOTIC: [8192] preg_replace(): The /e modifier is deprecated, use preg_replace_callback instead /Applications/XAMPP/xamppfiles/htdocs/wukongHRM/Base/Lib/Core/Db.class.php 第 604 行.
SQL: SELECT COUNT(*) AS tp_count FROM `hr_message` WHERE ( `to_user_id` = 1 ) AND ( `read_time` = 0 ) AND ( `is_deleted` <> 1 ) LIMIT 1   [ RunTime:0.000190s ]

[ 2015-08-13T19:09:11+08:00 ] 10.1.2.131 /wukongHrm/index.php?g=core&m=message&a=tips
NOTIC: [8192] preg_replace(): The /e modifier is deprecated, use preg_replace_callback instead /Applications/XAMPP/xamppfiles/htdocs/wukongHRM/Base/Common/common.php 第 217 行.
INFO: [ app_begin ] --START--
INFO: ReadHtmlCache Behavior ::run [ RunTime:0.000229s ]
INFO: App Behavior ::run [ RunTime:0.000443s ]
INFO: [ app_begin ] --END-- [ RunTime:0.000718s ]
INFO: Authenticate Behavior ::run [ RunTime:0.000137s ]
NOTIC: [8192] mysql_connect(): The mysql extension is deprecated and will be removed in the future: use mysqli or PDO instead /Applications/XAMPP/xamppfiles/htdocs/wukongHRM/Base/Lib/Driver/Db/DbMysql.class.php 第 55 行.
SQL: SHOW COLUMNS FROM `hr_message` [ RunTime:0.001085s ]
NOTIC: [8192] preg_replace(): The /e modifier is deprecated, use preg_replace_callback instead /Applications/XAMPP/xamppfiles/htdocs/wukongHRM/Base/Lib/Core/Db.class.php 第 604 行.
SQL: SELECT COUNT(*) AS tp_count FROM `hr_message` WHERE ( `to_user_id` = 1 ) AND ( `read_time` = 0 ) AND ( `is_deleted` <> 1 ) LIMIT 1   [ RunTime:0.000160s ]

[ 2015-08-13T19:09:16+08:00 ] 10.1.2.131 /wukongHrm/index.php?g=core&m=message&a=tips
NOTIC: [8192] preg_replace(): The /e modifier is deprecated, use preg_replace_callback instead /Applications/XAMPP/xamppfiles/htdocs/wukongHRM/Base/Common/common.php 第 217 行.
INFO: [ app_begin ] --START--
INFO: ReadHtmlCache Behavior ::run [ RunTime:0.000239s ]
INFO: App Behavior ::run [ RunTime:0.000337s ]
INFO: [ app_begin ] --END-- [ RunTime:0.000625s ]
INFO: Authenticate Behavior ::run [ RunTime:0.000140s ]
NOTIC: [8192] mysql_connect(): The mysql extension is deprecated and will be removed in the future: use mysqli or PDO instead /Applications/XAMPP/xamppfiles/htdocs/wukongHRM/Base/Lib/Driver/Db/DbMysql.class.php 第 55 行.
SQL: SHOW COLUMNS FROM `hr_message` [ RunTime:0.001791s ]
NOTIC: [8192] preg_replace(): The /e modifier is deprecated, use preg_replace_callback instead /Applications/XAMPP/xamppfiles/htdocs/wukongHRM/Base/Lib/Core/Db.class.php 第 604 行.
SQL: SELECT COUNT(*) AS tp_count FROM `hr_message` WHERE ( `to_user_id` = 1 ) AND ( `read_time` = 0 ) AND ( `is_deleted` <> 1 ) LIMIT 1   [ RunTime:0.000196s ]

[ 2015-08-13T19:09:21+08:00 ] 10.1.2.131 /wukongHrm/index.php?g=core&m=message&a=tips
NOTIC: [8192] preg_replace(): The /e modifier is deprecated, use preg_replace_callback instead /Applications/XAMPP/xamppfiles/htdocs/wukongHRM/Base/Common/common.php 第 217 行.
INFO: [ app_begin ] --START--
INFO: ReadHtmlCache Behavior ::run [ RunTime:0.000384s ]
INFO: App Behavior ::run [ RunTime:0.000379s ]
INFO: [ app_begin ] --END-- [ RunTime:0.000825s ]
INFO: Authenticate Behavior ::run [ RunTime:0.000172s ]
NOTIC: [8192] mysql_connect(): The mysql extension is deprecated and will be removed in the future: use mysqli or PDO instead /Applications/XAMPP/xamppfiles/htdocs/wukongHRM/Base/Lib/Driver/Db/DbMysql.class.php 第 55 行.
SQL: SHOW COLUMNS FROM `hr_message` [ RunTime:0.001613s ]
NOTIC: [8192] preg_replace(): The /e modifier is deprecated, use preg_replace_callback instead /Applications/XAMPP/xamppfiles/htdocs/wukongHRM/Base/Lib/Core/Db.class.php 第 604 行.
SQL: SELECT COUNT(*) AS tp_count FROM `hr_message` WHERE ( `to_user_id` = 1 ) AND ( `read_time` = 0 ) AND ( `is_deleted` <> 1 ) LIMIT 1   [ RunTime:0.000211s ]

[ 2015-08-13T19:09:26+08:00 ] 10.1.2.131 /wukongHrm/index.php?g=core&m=message&a=tips
NOTIC: [8192] preg_replace(): The /e modifier is deprecated, use preg_replace_callback instead /Applications/XAMPP/xamppfiles/htdocs/wukongHRM/Base/Common/common.php 第 217 行.
INFO: [ app_begin ] --START--
INFO: ReadHtmlCache Behavior ::run [ RunTime:0.000266s ]
INFO: App Behavior ::run [ RunTime:0.000376s ]
INFO: [ app_begin ] --END-- [ RunTime:0.000699s ]
INFO: Authenticate Behavior ::run [ RunTime:0.000179s ]
NOTIC: [8192] mysql_connect(): The mysql extension is deprecated and will be removed in the future: use mysqli or PDO instead /Applications/XAMPP/xamppfiles/htdocs/wukongHRM/Base/Lib/Driver/Db/DbMysql.class.php 第 55 行.
SQL: SHOW COLUMNS FROM `hr_message` [ RunTime:0.001776s ]
NOTIC: [8192] preg_replace(): The /e modifier is deprecated, use preg_replace_callback instead /Applications/XAMPP/xamppfiles/htdocs/wukongHRM/Base/Lib/Core/Db.class.php 第 604 行.
SQL: SELECT COUNT(*) AS tp_count FROM `hr_message` WHERE ( `to_user_id` = 1 ) AND ( `read_time` = 0 ) AND ( `is_deleted` <> 1 ) LIMIT 1   [ RunTime:0.000177s ]

[ 2015-08-13T19:09:31+08:00 ] 10.1.2.131 /wukongHrm/index.php?g=core&m=message&a=tips
NOTIC: [8192] preg_replace(): The /e modifier is deprecated, use preg_replace_callback instead /Applications/XAMPP/xamppfiles/htdocs/wukongHRM/Base/Common/common.php 第 217 行.
INFO: [ app_begin ] --START--
INFO: ReadHtmlCache Behavior ::run [ RunTime:0.000235s ]
INFO: App Behavior ::run [ RunTime:0.000327s ]
INFO: [ app_begin ] --END-- [ RunTime:0.000610s ]
INFO: Authenticate Behavior ::run [ RunTime:0.000144s ]
NOTIC: [8192] mysql_connect(): The mysql extension is deprecated and will be removed in the future: use mysqli or PDO instead /Applications/XAMPP/xamppfiles/htdocs/wukongHRM/Base/Lib/Driver/Db/DbMysql.class.php 第 55 行.
SQL: SHOW COLUMNS FROM `hr_message` [ RunTime:0.001452s ]
NOTIC: [8192] preg_replace(): The /e modifier is deprecated, use preg_replace_callback instead /Applications/XAMPP/xamppfiles/htdocs/wukongHRM/Base/Lib/Core/Db.class.php 第 604 行.
SQL: SELECT COUNT(*) AS tp_count FROM `hr_message` WHERE ( `to_user_id` = 1 ) AND ( `read_time` = 0 ) AND ( `is_deleted` <> 1 ) LIMIT 1   [ RunTime:0.000214s ]

[ 2015-08-13T19:09:36+08:00 ] 10.1.2.131 /wukongHrm/index.php?g=core&m=message&a=tips
NOTIC: [8192] preg_replace(): The /e modifier is deprecated, use preg_replace_callback instead /Applications/XAMPP/xamppfiles/htdocs/wukongHRM/Base/Common/common.php 第 217 行.
INFO: [ app_begin ] --START--
INFO: ReadHtmlCache Behavior ::run [ RunTime:0.000217s ]
INFO: App Behavior ::run [ RunTime:0.000309s ]
INFO: [ app_begin ] --END-- [ RunTime:0.000572s ]
INFO: Authenticate Behavior ::run [ RunTime:0.000142s ]
NOTIC: [8192] mysql_connect(): The mysql extension is deprecated and will be removed in the future: use mysqli or PDO instead /Applications/XAMPP/xamppfiles/htdocs/wukongHRM/Base/Lib/Driver/Db/DbMysql.class.php 第 55 行.
SQL: SHOW COLUMNS FROM `hr_message` [ RunTime:0.002055s ]
NOTIC: [8192] preg_replace(): The /e modifier is deprecated, use preg_replace_callback instead /Applications/XAMPP/xamppfiles/htdocs/wukongHRM/Base/Lib/Core/Db.class.php 第 604 行.
SQL: SELECT COUNT(*) AS tp_count FROM `hr_message` WHERE ( `to_user_id` = 1 ) AND ( `read_time` = 0 ) AND ( `is_deleted` <> 1 ) LIMIT 1   [ RunTime:0.000230s ]

[ 2015-08-13T19:09:41+08:00 ] 10.1.2.131 /wukongHrm/index.php?g=core&m=message&a=tips
NOTIC: [8192] preg_replace(): The /e modifier is deprecated, use preg_replace_callback instead /Applications/XAMPP/xamppfiles/htdocs/wukongHRM/Base/Common/common.php 第 217 行.
INFO: [ app_begin ] --START--
INFO: ReadHtmlCache Behavior ::run [ RunTime:0.000250s ]
INFO: App Behavior ::run [ RunTime:0.000330s ]
INFO: [ app_begin ] --END-- [ RunTime:0.000628s ]
INFO: Authenticate Behavior ::run [ RunTime:0.000140s ]
NOTIC: [8192] mysql_connect(): The mysql extension is deprecated and will be removed in the future: use mysqli or PDO instead /Applications/XAMPP/xamppfiles/htdocs/wukongHRM/Base/Lib/Driver/Db/DbMysql.class.php 第 55 行.
SQL: SHOW COLUMNS FROM `hr_message` [ RunTime:0.001707s ]
NOTIC: [8192] preg_replace(): The /e modifier is deprecated, use preg_replace_callback instead /Applications/XAMPP/xamppfiles/htdocs/wukongHRM/Base/Lib/Core/Db.class.php 第 604 行.
SQL: SELECT COUNT(*) AS tp_count FROM `hr_message` WHERE ( `to_user_id` = 1 ) AND ( `read_time` = 0 ) AND ( `is_deleted` <> 1 ) LIMIT 1   [ RunTime:0.000194s ]

[ 2015-08-13T19:09:46+08:00 ] 10.1.2.131 /wukongHrm/index.php?g=core&m=message&a=tips
NOTIC: [8192] preg_replace(): The /e modifier is deprecated, use preg_replace_callback instead /Applications/XAMPP/xamppfiles/htdocs/wukongHRM/Base/Common/common.php 第 217 行.
INFO: [ app_begin ] --START--
INFO: ReadHtmlCache Behavior ::run [ RunTime:0.000238s ]
INFO: App Behavior ::run [ RunTime:0.000339s ]
INFO: [ app_begin ] --END-- [ RunTime:0.000625s ]
INFO: Authenticate Behavior ::run [ RunTime:0.000139s ]
NOTIC: [8192] mysql_connect(): The mysql extension is deprecated and will be removed in the future: use mysqli or PDO instead /Applications/XAMPP/xamppfiles/htdocs/wukongHRM/Base/Lib/Driver/Db/DbMysql.class.php 第 55 行.
SQL: SHOW COLUMNS FROM `hr_message` [ RunTime:0.001899s ]
NOTIC: [8192] preg_replace(): The /e modifier is deprecated, use preg_replace_callback instead /Applications/XAMPP/xamppfiles/htdocs/wukongHRM/Base/Lib/Core/Db.class.php 第 604 行.
SQL: SELECT COUNT(*) AS tp_count FROM `hr_message` WHERE ( `to_user_id` = 1 ) AND ( `read_time` = 0 ) AND ( `is_deleted` <> 1 ) LIMIT 1   [ RunTime:0.000195s ]

[ 2015-08-13T19:09:51+08:00 ] 10.1.2.131 /wukongHrm/index.php?g=core&m=message&a=tips
NOTIC: [8192] preg_replace(): The /e modifier is deprecated, use preg_replace_callback instead /Applications/XAMPP/xamppfiles/htdocs/wukongHRM/Base/Common/common.php 第 217 行.
INFO: [ app_begin ] --START--
INFO: ReadHtmlCache Behavior ::run [ RunTime:0.000233s ]
INFO: App Behavior ::run [ RunTime:0.000340s ]
INFO: [ app_begin ] --END-- [ RunTime:0.000622s ]
INFO: Authenticate Behavior ::run [ RunTime:0.000160s ]
NOTIC: [8192] mysql_connect(): The mysql extension is deprecated and will be removed in the future: use mysqli or PDO instead /Applications/XAMPP/xamppfiles/htdocs/wukongHRM/Base/Lib/Driver/Db/DbMysql.class.php 第 55 行.
SQL: SHOW COLUMNS FROM `hr_message` [ RunTime:0.001607s ]
NOTIC: [8192] preg_replace(): The /e modifier is deprecated, use preg_replace_callback instead /Applications/XAMPP/xamppfiles/htdocs/wukongHRM/Base/Lib/Core/Db.class.php 第 604 行.
SQL: SELECT COUNT(*) AS tp_count FROM `hr_message` WHERE ( `to_user_id` = 1 ) AND ( `read_time` = 0 ) AND ( `is_deleted` <> 1 ) LIMIT 1   [ RunTime:0.000165s ]

[ 2015-08-13T19:09:56+08:00 ] 10.1.2.131 /wukongHrm/index.php?g=core&m=message&a=tips
NOTIC: [8192] preg_replace(): The /e modifier is deprecated, use preg_replace_callback instead /Applications/XAMPP/xamppfiles/htdocs/wukongHRM/Base/Common/common.php 第 217 行.
INFO: [ app_begin ] --START--
INFO: ReadHtmlCache Behavior ::run [ RunTime:0.000239s ]
INFO: App Behavior ::run [ RunTime:0.000339s ]
INFO: [ app_begin ] --END-- [ RunTime:0.000629s ]
INFO: Authenticate Behavior ::run [ RunTime:0.000137s ]
NOTIC: [8192] mysql_connect(): The mysql extension is deprecated and will be removed in the future: use mysqli or PDO instead /Applications/XAMPP/xamppfiles/htdocs/wukongHRM/Base/Lib/Driver/Db/DbMysql.class.php 第 55 行.
SQL: SHOW COLUMNS FROM `hr_message` [ RunTime:0.001573s ]
NOTIC: [8192] preg_replace(): The /e modifier is deprecated, use preg_replace_callback instead /Applications/XAMPP/xamppfiles/htdocs/wukongHRM/Base/Lib/Core/Db.class.php 第 604 行.
SQL: SELECT COUNT(*) AS tp_count FROM `hr_message` WHERE ( `to_user_id` = 1 ) AND ( `read_time` = 0 ) AND ( `is_deleted` <> 1 ) LIMIT 1   [ RunTime:0.000174s ]

[ 2015-08-13T19:10:01+08:00 ] 10.1.2.131 /wukongHrm/index.php?g=core&m=message&a=tips
NOTIC: [8192] preg_replace(): The /e modifier is deprecated, use preg_replace_callback instead /Applications/XAMPP/xamppfiles/htdocs/wukongHRM/Base/Common/common.php 第 217 行.
INFO: [ app_begin ] --START--
INFO: ReadHtmlCache Behavior ::run [ RunTime:0.000234s ]
INFO: App Behavior ::run [ RunTime:0.000337s ]
INFO: [ app_begin ] --END-- [ RunTime:0.000620s ]
INFO: Authenticate Behavior ::run [ RunTime:0.000138s ]
NOTIC: [8192] mysql_connect(): The mysql extension is deprecated and will be removed in the future: use mysqli or PDO instead /Applications/XAMPP/xamppfiles/htdocs/wukongHRM/Base/Lib/Driver/Db/DbMysql.class.php 第 55 行.
SQL: SHOW COLUMNS FROM `hr_message` [ RunTime:0.001220s ]
NOTIC: [8192] preg_replace(): The /e modifier is deprecated, use preg_replace_callback instead /Applications/XAMPP/xamppfiles/htdocs/wukongHRM/Base/Lib/Core/Db.class.php 第 604 行.
SQL: SELECT COUNT(*) AS tp_count FROM `hr_message` WHERE ( `to_user_id` = 1 ) AND ( `read_time` = 0 ) AND ( `is_deleted` <> 1 ) LIMIT 1   [ RunTime:0.000174s ]

[ 2015-08-13T19:10:06+08:00 ] 10.1.2.131 /wukongHrm/index.php?g=core&m=message&a=tips
NOTIC: [8192] preg_replace(): The /e modifier is deprecated, use preg_replace_callback instead /Applications/XAMPP/xamppfiles/htdocs/wukongHRM/Base/Common/common.php 第 217 行.
INFO: [ app_begin ] --START--
INFO: ReadHtmlCache Behavior ::run [ RunTime:0.000271s ]
INFO: App Behavior ::run [ RunTime:0.000479s ]
INFO: [ app_begin ] --END-- [ RunTime:0.000815s ]
INFO: Authenticate Behavior ::run [ RunTime:0.000213s ]
NOTIC: [8192] mysql_connect(): The mysql extension is deprecated and will be removed in the future: use mysqli or PDO instead /Applications/XAMPP/xamppfiles/htdocs/wukongHRM/Base/Lib/Driver/Db/DbMysql.class.php 第 55 行.
SQL: SHOW COLUMNS FROM `hr_message` [ RunTime:0.001942s ]
NOTIC: [8192] preg_replace(): The /e modifier is deprecated, use preg_replace_callback instead /Applications/XAMPP/xamppfiles/htdocs/wukongHRM/Base/Lib/Core/Db.class.php 第 604 行.
SQL: SELECT COUNT(*) AS tp_count FROM `hr_message` WHERE ( `to_user_id` = 1 ) AND ( `read_time` = 0 ) AND ( `is_deleted` <> 1 ) LIMIT 1   [ RunTime:0.000223s ]

[ 2015-08-13T19:10:11+08:00 ] 10.1.2.131 /wukongHrm/index.php?g=core&m=message&a=tips
NOTIC: [8192] preg_replace(): The /e modifier is deprecated, use preg_replace_callback instead /Applications/XAMPP/xamppfiles/htdocs/wukongHRM/Base/Common/common.php 第 217 行.
INFO: [ app_begin ] --START--
INFO: ReadHtmlCache Behavior ::run [ RunTime:0.000257s ]
INFO: App Behavior ::run [ RunTime:0.000517s ]
INFO: [ app_begin ] --END-- [ RunTime:0.000827s ]
INFO: Authenticate Behavior ::run [ RunTime:0.000184s ]
NOTIC: [8192] mysql_connect(): The mysql extension is deprecated and will be removed in the future: use mysqli or PDO instead /Applications/XAMPP/xamppfiles/htdocs/wukongHRM/Base/Lib/Driver/Db/DbMysql.class.php 第 55 行.
SQL: SHOW COLUMNS FROM `hr_message` [ RunTime:0.001673s ]
NOTIC: [8192] preg_replace(): The /e modifier is deprecated, use preg_replace_callback instead /Applications/XAMPP/xamppfiles/htdocs/wukongHRM/Base/Lib/Core/Db.class.php 第 604 行.
SQL: SELECT COUNT(*) AS tp_count FROM `hr_message` WHERE ( `to_user_id` = 1 ) AND ( `read_time` = 0 ) AND ( `is_deleted` <> 1 ) LIMIT 1   [ RunTime:0.000209s ]

[ 2015-08-13T19:10:16+08:00 ] 10.1.2.131 /wukongHrm/index.php?g=core&m=message&a=tips
NOTIC: [8192] preg_replace(): The /e modifier is deprecated, use preg_replace_callback instead /Applications/XAMPP/xamppfiles/htdocs/wukongHRM/Base/Common/common.php 第 217 行.
INFO: [ app_begin ] --START--
INFO: ReadHtmlCache Behavior ::run [ RunTime:0.000234s ]
INFO: App Behavior ::run [ RunTime:0.000336s ]
INFO: [ app_begin ] --END-- [ RunTime:0.000620s ]
INFO: Authenticate Behavior ::run [ RunTime:0.000137s ]
NOTIC: [8192] mysql_connect(): The mysql extension is deprecated and will be removed in the future: use mysqli or PDO instead /Applications/XAMPP/xamppfiles/htdocs/wukongHRM/Base/Lib/Driver/Db/DbMysql.class.php 第 55 行.
SQL: SHOW COLUMNS FROM `hr_message` [ RunTime:0.001458s ]
NOTIC: [8192] preg_replace(): The /e modifier is deprecated, use preg_replace_callback instead /Applications/XAMPP/xamppfiles/htdocs/wukongHRM/Base/Lib/Core/Db.class.php 第 604 行.
SQL: SELECT COUNT(*) AS tp_count FROM `hr_message` WHERE ( `to_user_id` = 1 ) AND ( `read_time` = 0 ) AND ( `is_deleted` <> 1 ) LIMIT 1   [ RunTime:0.000164s ]

[ 2015-08-13T19:10:21+08:00 ] 10.1.2.131 /wukongHrm/index.php?g=core&m=message&a=tips
NOTIC: [8192] preg_replace(): The /e modifier is deprecated, use preg_replace_callback instead /Applications/XAMPP/xamppfiles/htdocs/wukongHRM/Base/Common/common.php 第 217 行.
INFO: [ app_begin ] --START--
INFO: ReadHtmlCache Behavior ::run [ RunTime:0.000269s ]
INFO: App Behavior ::run [ RunTime:0.000381s ]
INFO: [ app_begin ] --END-- [ RunTime:0.000706s ]
INFO: Authenticate Behavior ::run [ RunTime:0.000171s ]
NOTIC: [8192] mysql_connect(): The mysql extension is deprecated and will be removed in the future: use mysqli or PDO instead /Applications/XAMPP/xamppfiles/htdocs/wukongHRM/Base/Lib/Driver/Db/DbMysql.class.php 第 55 行.
SQL: SHOW COLUMNS FROM `hr_message` [ RunTime:0.001504s ]
NOTIC: [8192] preg_replace(): The /e modifier is deprecated, use preg_replace_callback instead /Applications/XAMPP/xamppfiles/htdocs/wukongHRM/Base/Lib/Core/Db.class.php 第 604 行.
SQL: SELECT COUNT(*) AS tp_count FROM `hr_message` WHERE ( `to_user_id` = 1 ) AND ( `read_time` = 0 ) AND ( `is_deleted` <> 1 ) LIMIT 1   [ RunTime:0.000209s ]

[ 2015-08-13T19:10:26+08:00 ] 10.1.2.131 /wukongHrm/index.php?g=core&m=message&a=tips
NOTIC: [8192] preg_replace(): The /e modifier is deprecated, use preg_replace_callback instead /Applications/XAMPP/xamppfiles/htdocs/wukongHRM/Base/Common/common.php 第 217 行.
INFO: [ app_begin ] --START--
INFO: ReadHtmlCache Behavior ::run [ RunTime:0.000234s ]
INFO: App Behavior ::run [ RunTime:0.000333s ]
INFO: [ app_begin ] --END-- [ RunTime:0.000615s ]
INFO: Authenticate Behavior ::run [ RunTime:0.000144s ]
NOTIC: [8192] mysql_connect(): The mysql extension is deprecated and will be removed in the future: use mysqli or PDO instead /Applications/XAMPP/xamppfiles/htdocs/wukongHRM/Base/Lib/Driver/Db/DbMysql.class.php 第 55 行.
SQL: SHOW COLUMNS FROM `hr_message` [ RunTime:0.001760s ]
NOTIC: [8192] preg_replace(): The /e modifier is deprecated, use preg_replace_callback instead /Applications/XAMPP/xamppfiles/htdocs/wukongHRM/Base/Lib/Core/Db.class.php 第 604 行.
SQL: SELECT COUNT(*) AS tp_count FROM `hr_message` WHERE ( `to_user_id` = 1 ) AND ( `read_time` = 0 ) AND ( `is_deleted` <> 1 ) LIMIT 1   [ RunTime:0.000191s ]

[ 2015-08-13T19:10:31+08:00 ] 10.1.2.131 /wukongHrm/index.php?g=core&m=message&a=tips
NOTIC: [8192] preg_replace(): The /e modifier is deprecated, use preg_replace_callback instead /Applications/XAMPP/xamppfiles/htdocs/wukongHRM/Base/Common/common.php 第 217 行.
INFO: [ app_begin ] --START--
INFO: ReadHtmlCache Behavior ::run [ RunTime:0.000181s ]
INFO: App Behavior ::run [ RunTime:0.000263s ]
INFO: [ app_begin ] --END-- [ RunTime:0.000480s ]
INFO: Authenticate Behavior ::run [ RunTime:0.000116s ]
NOTIC: [8192] mysql_connect(): The mysql extension is deprecated and will be removed in the future: use mysqli or PDO instead /Applications/XAMPP/xamppfiles/htdocs/wukongHRM/Base/Lib/Driver/Db/DbMysql.class.php 第 55 行.
SQL: SHOW COLUMNS FROM `hr_message` [ RunTime:0.001559s ]
NOTIC: [8192] preg_replace(): The /e modifier is deprecated, use preg_replace_callback instead /Applications/XAMPP/xamppfiles/htdocs/wukongHRM/Base/Lib/Core/Db.class.php 第 604 行.
SQL: SELECT COUNT(*) AS tp_count FROM `hr_message` WHERE ( `to_user_id` = 1 ) AND ( `read_time` = 0 ) AND ( `is_deleted` <> 1 ) LIMIT 1   [ RunTime:0.000175s ]

[ 2015-08-13T19:10:36+08:00 ] 10.1.2.131 /wukongHrm/index.php?g=core&m=message&a=tips
NOTIC: [8192] preg_replace(): The /e modifier is deprecated, use preg_replace_callback instead /Applications/XAMPP/xamppfiles/htdocs/wukongHRM/Base/Common/common.php 第 217 行.
INFO: [ app_begin ] --START--
INFO: ReadHtmlCache Behavior ::run [ RunTime:0.000237s ]
INFO: App Behavior ::run [ RunTime:0.000344s ]
INFO: [ app_begin ] --END-- [ RunTime:0.000629s ]
INFO: Authenticate Behavior ::run [ RunTime:0.000138s ]
NOTIC: [8192] mysql_connect(): The mysql extension is deprecated and will be removed in the future: use mysqli or PDO instead /Applications/XAMPP/xamppfiles/htdocs/wukongHRM/Base/Lib/Driver/Db/DbMysql.class.php 第 55 行.
SQL: SHOW COLUMNS FROM `hr_message` [ RunTime:0.001164s ]
NOTIC: [8192] preg_replace(): The /e modifier is deprecated, use preg_replace_callback instead /Applications/XAMPP/xamppfiles/htdocs/wukongHRM/Base/Lib/Core/Db.class.php 第 604 行.
SQL: SELECT COUNT(*) AS tp_count FROM `hr_message` WHERE ( `to_user_id` = 1 ) AND ( `read_time` = 0 ) AND ( `is_deleted` <> 1 ) LIMIT 1   [ RunTime:0.000165s ]

[ 2015-08-13T19:10:41+08:00 ] 10.1.2.131 /wukongHrm/index.php?g=core&m=message&a=tips
NOTIC: [8192] preg_replace(): The /e modifier is deprecated, use preg_replace_callback instead /Applications/XAMPP/xamppfiles/htdocs/wukongHRM/Base/Common/common.php 第 217 行.
INFO: [ app_begin ] --START--
INFO: ReadHtmlCache Behavior ::run [ RunTime:0.000240s ]
INFO: App Behavior ::run [ RunTime:0.000336s ]
INFO: [ app_begin ] --END-- [ RunTime:0.000626s ]
INFO: Authenticate Behavior ::run [ RunTime:0.000138s ]
NOTIC: [8192] mysql_connect(): The mysql extension is deprecated and will be removed in the future: use mysqli or PDO instead /Applications/XAMPP/xamppfiles/htdocs/wukongHRM/Base/Lib/Driver/Db/DbMysql.class.php 第 55 行.
SQL: SHOW COLUMNS FROM `hr_message` [ RunTime:0.001705s ]
NOTIC: [8192] preg_replace(): The /e modifier is deprecated, use preg_replace_callback instead /Applications/XAMPP/xamppfiles/htdocs/wukongHRM/Base/Lib/Core/Db.class.php 第 604 行.
SQL: SELECT COUNT(*) AS tp_count FROM `hr_message` WHERE ( `to_user_id` = 1 ) AND ( `read_time` = 0 ) AND ( `is_deleted` <> 1 ) LIMIT 1   [ RunTime:0.000210s ]

[ 2015-08-13T19:10:46+08:00 ] 10.1.2.131 /wukongHrm/index.php?g=core&m=message&a=tips
NOTIC: [8192] preg_replace(): The /e modifier is deprecated, use preg_replace_callback instead /Applications/XAMPP/xamppfiles/htdocs/wukongHRM/Base/Common/common.php 第 217 行.
INFO: [ app_begin ] --START--
INFO: ReadHtmlCache Behavior ::run [ RunTime:0.000221s ]
INFO: App Behavior ::run [ RunTime:0.000369s ]
INFO: [ app_begin ] --END-- [ RunTime:0.000638s ]
INFO: Authenticate Behavior ::run [ RunTime:0.000177s ]
NOTIC: [8192] mysql_connect(): The mysql extension is deprecated and will be removed in the future: use mysqli or PDO instead /Applications/XAMPP/xamppfiles/htdocs/wukongHRM/Base/Lib/Driver/Db/DbMysql.class.php 第 55 行.
SQL: SHOW COLUMNS FROM `hr_message` [ RunTime:0.001043s ]
NOTIC: [8192] preg_replace(): The /e modifier is deprecated, use preg_replace_callback instead /Applications/XAMPP/xamppfiles/htdocs/wukongHRM/Base/Lib/Core/Db.class.php 第 604 行.
SQL: SELECT COUNT(*) AS tp_count FROM `hr_message` WHERE ( `to_user_id` = 1 ) AND ( `read_time` = 0 ) AND ( `is_deleted` <> 1 ) LIMIT 1   [ RunTime:0.000173s ]

[ 2015-08-13T19:10:51+08:00 ] 10.1.2.131 /wukongHrm/index.php?g=core&m=message&a=tips
NOTIC: [8192] preg_replace(): The /e modifier is deprecated, use preg_replace_callback instead /Applications/XAMPP/xamppfiles/htdocs/wukongHRM/Base/Common/common.php 第 217 行.
INFO: [ app_begin ] --START--
INFO: ReadHtmlCache Behavior ::run [ RunTime:0.000240s ]
INFO: App Behavior ::run [ RunTime:0.000341s ]
INFO: [ app_begin ] --END-- [ RunTime:0.000630s ]
INFO: Authenticate Behavior ::run [ RunTime:0.000139s ]
NOTIC: [8192] mysql_connect(): The mysql extension is deprecated and will be removed in the future: use mysqli or PDO instead /Applications/XAMPP/xamppfiles/htdocs/wukongHRM/Base/Lib/Driver/Db/DbMysql.class.php 第 55 行.
SQL: SHOW COLUMNS FROM `hr_message` [ RunTime:0.001677s ]
NOTIC: [8192] preg_replace(): The /e modifier is deprecated, use preg_replace_callback instead /Applications/XAMPP/xamppfiles/htdocs/wukongHRM/Base/Lib/Core/Db.class.php 第 604 行.
SQL: SELECT COUNT(*) AS tp_count FROM `hr_message` WHERE ( `to_user_id` = 1 ) AND ( `read_time` = 0 ) AND ( `is_deleted` <> 1 ) LIMIT 1   [ RunTime:0.000177s ]

[ 2015-08-13T19:10:56+08:00 ] 10.1.2.131 /wukongHrm/index.php?g=core&m=message&a=tips
NOTIC: [8192] preg_replace(): The /e modifier is deprecated, use preg_replace_callback instead /Applications/XAMPP/xamppfiles/htdocs/wukongHRM/Base/Common/common.php 第 217 行.
INFO: [ app_begin ] --START--
INFO: ReadHtmlCache Behavior ::run [ RunTime:0.000238s ]
INFO: App Behavior ::run [ RunTime:0.000347s ]
INFO: [ app_begin ] --END-- [ RunTime:0.000636s ]
INFO: Authenticate Behavior ::run [ RunTime:0.000148s ]
NOTIC: [8192] mysql_connect(): The mysql extension is deprecated and will be removed in the future: use mysqli or PDO instead /Applications/XAMPP/xamppfiles/htdocs/wukongHRM/Base/Lib/Driver/Db/DbMysql.class.php 第 55 行.
SQL: SHOW COLUMNS FROM `hr_message` [ RunTime:0.001879s ]
NOTIC: [8192] preg_replace(): The /e modifier is deprecated, use preg_replace_callback instead /Applications/XAMPP/xamppfiles/htdocs/wukongHRM/Base/Lib/Core/Db.class.php 第 604 行.
SQL: SELECT COUNT(*) AS tp_count FROM `hr_message` WHERE ( `to_user_id` = 1 ) AND ( `read_time` = 0 ) AND ( `is_deleted` <> 1 ) LIMIT 1   [ RunTime:0.000194s ]

[ 2015-08-13T19:11:01+08:00 ] 10.1.2.131 /wukongHrm/index.php?g=core&m=message&a=tips
NOTIC: [8192] preg_replace(): The /e modifier is deprecated, use preg_replace_callback instead /Applications/XAMPP/xamppfiles/htdocs/wukongHRM/Base/Common/common.php 第 217 行.
INFO: [ app_begin ] --START--
INFO: ReadHtmlCache Behavior ::run [ RunTime:0.000242s ]
INFO: App Behavior ::run [ RunTime:0.000342s ]
INFO: [ app_begin ] --END-- [ RunTime:0.000634s ]
INFO: Authenticate Behavior ::run [ RunTime:0.000139s ]
NOTIC: [8192] mysql_connect(): The mysql extension is deprecated and will be removed in the future: use mysqli or PDO instead /Applications/XAMPP/xamppfiles/htdocs/wukongHRM/Base/Lib/Driver/Db/DbMysql.class.php 第 55 行.
SQL: SHOW COLUMNS FROM `hr_message` [ RunTime:0.001850s ]
NOTIC: [8192] preg_replace(): The /e modifier is deprecated, use preg_replace_callback instead /Applications/XAMPP/xamppfiles/htdocs/wukongHRM/Base/Lib/Core/Db.class.php 第 604 行.
SQL: SELECT COUNT(*) AS tp_count FROM `hr_message` WHERE ( `to_user_id` = 1 ) AND ( `read_time` = 0 ) AND ( `is_deleted` <> 1 ) LIMIT 1   [ RunTime:0.000226s ]

[ 2015-08-13T19:11:06+08:00 ] 10.1.2.131 /wukongHrm/index.php?g=core&m=message&a=tips
NOTIC: [8192] preg_replace(): The /e modifier is deprecated, use preg_replace_callback instead /Applications/XAMPP/xamppfiles/htdocs/wukongHRM/Base/Common/common.php 第 217 行.
INFO: [ app_begin ] --START--
INFO: ReadHtmlCache Behavior ::run [ RunTime:0.000261s ]
INFO: App Behavior ::run [ RunTime:0.000311s ]
INFO: [ app_begin ] --END-- [ RunTime:0.000617s ]
INFO: Authenticate Behavior ::run [ RunTime:0.000266s ]
NOTIC: [8192] mysql_connect(): The mysql extension is deprecated and will be removed in the future: use mysqli or PDO instead /Applications/XAMPP/xamppfiles/htdocs/wukongHRM/Base/Lib/Driver/Db/DbMysql.class.php 第 55 行.
SQL: SHOW COLUMNS FROM `hr_message` [ RunTime:0.002205s ]
NOTIC: [8192] preg_replace(): The /e modifier is deprecated, use preg_replace_callback instead /Applications/XAMPP/xamppfiles/htdocs/wukongHRM/Base/Lib/Core/Db.class.php 第 604 行.
SQL: SELECT COUNT(*) AS tp_count FROM `hr_message` WHERE ( `to_user_id` = 1 ) AND ( `read_time` = 0 ) AND ( `is_deleted` <> 1 ) LIMIT 1   [ RunTime:0.000225s ]

[ 2015-08-13T19:11:11+08:00 ] 10.1.2.131 /wukongHrm/index.php?g=core&m=message&a=tips
NOTIC: [8192] preg_replace(): The /e modifier is deprecated, use preg_replace_callback instead /Applications/XAMPP/xamppfiles/htdocs/wukongHRM/Base/Common/common.php 第 217 行.
INFO: [ app_begin ] --START--
INFO: ReadHtmlCache Behavior ::run [ RunTime:0.000224s ]
INFO: App Behavior ::run [ RunTime:0.000312s ]
INFO: [ app_begin ] --END-- [ RunTime:0.000585s ]
INFO: Authenticate Behavior ::run [ RunTime:0.000141s ]
NOTIC: [8192] mysql_connect(): The mysql extension is deprecated and will be removed in the future: use mysqli or PDO instead /Applications/XAMPP/xamppfiles/htdocs/wukongHRM/Base/Lib/Driver/Db/DbMysql.class.php 第 55 行.
SQL: SHOW COLUMNS FROM `hr_message` [ RunTime:0.001829s ]
NOTIC: [8192] preg_replace(): The /e modifier is deprecated, use preg_replace_callback instead /Applications/XAMPP/xamppfiles/htdocs/wukongHRM/Base/Lib/Core/Db.class.php 第 604 行.
SQL: SELECT COUNT(*) AS tp_count FROM `hr_message` WHERE ( `to_user_id` = 1 ) AND ( `read_time` = 0 ) AND ( `is_deleted` <> 1 ) LIMIT 1   [ RunTime:0.000196s ]

[ 2015-08-13T19:11:16+08:00 ] 10.1.2.131 /wukongHrm/index.php?g=core&m=message&a=tips
NOTIC: [8192] preg_replace(): The /e modifier is deprecated, use preg_replace_callback instead /Applications/XAMPP/xamppfiles/htdocs/wukongHRM/Base/Common/common.php 第 217 行.
INFO: [ app_begin ] --START--
INFO: ReadHtmlCache Behavior ::run [ RunTime:0.000304s ]
INFO: App Behavior ::run [ RunTime:0.000412s ]
INFO: [ app_begin ] --END-- [ RunTime:0.000779s ]
INFO: Authenticate Behavior ::run [ RunTime:0.000185s ]
NOTIC: [8192] mysql_connect(): The mysql extension is deprecated and will be removed in the future: use mysqli or PDO instead /Applications/XAMPP/xamppfiles/htdocs/wukongHRM/Base/Lib/Driver/Db/DbMysql.class.php 第 55 行.
SQL: SHOW COLUMNS FROM `hr_message` [ RunTime:0.001643s ]
NOTIC: [8192] preg_replace(): The /e modifier is deprecated, use preg_replace_callback instead /Applications/XAMPP/xamppfiles/htdocs/wukongHRM/Base/Lib/Core/Db.class.php 第 604 行.
SQL: SELECT COUNT(*) AS tp_count FROM `hr_message` WHERE ( `to_user_id` = 1 ) AND ( `read_time` = 0 ) AND ( `is_deleted` <> 1 ) LIMIT 1   [ RunTime:0.000221s ]

[ 2015-08-13T19:11:21+08:00 ] 10.1.2.131 /wukongHrm/index.php?g=core&m=message&a=tips
NOTIC: [8192] preg_replace(): The /e modifier is deprecated, use preg_replace_callback instead /Applications/XAMPP/xamppfiles/htdocs/wukongHRM/Base/Common/common.php 第 217 行.
INFO: [ app_begin ] --START--
INFO: ReadHtmlCache Behavior ::run [ RunTime:0.000297s ]
INFO: App Behavior ::run [ RunTime:0.000400s ]
INFO: [ app_begin ] --END-- [ RunTime:0.000759s ]
INFO: Authenticate Behavior ::run [ RunTime:0.000200s ]
NOTIC: [8192] mysql_connect(): The mysql extension is deprecated and will be removed in the future: use mysqli or PDO instead /Applications/XAMPP/xamppfiles/htdocs/wukongHRM/Base/Lib/Driver/Db/DbMysql.class.php 第 55 行.
SQL: SHOW COLUMNS FROM `hr_message` [ RunTime:0.001549s ]
NOTIC: [8192] preg_replace(): The /e modifier is deprecated, use preg_replace_callback instead /Applications/XAMPP/xamppfiles/htdocs/wukongHRM/Base/Lib/Core/Db.class.php 第 604 行.
SQL: SELECT COUNT(*) AS tp_count FROM `hr_message` WHERE ( `to_user_id` = 1 ) AND ( `read_time` = 0 ) AND ( `is_deleted` <> 1 ) LIMIT 1   [ RunTime:0.000234s ]

[ 2015-08-13T19:11:26+08:00 ] 10.1.2.131 /wukongHrm/index.php?g=core&m=message&a=tips
NOTIC: [8192] preg_replace(): The /e modifier is deprecated, use preg_replace_callback instead /Applications/XAMPP/xamppfiles/htdocs/wukongHRM/Base/Common/common.php 第 217 行.
INFO: [ app_begin ] --START--
INFO: ReadHtmlCache Behavior ::run [ RunTime:0.000183s ]
INFO: App Behavior ::run [ RunTime:0.000268s ]
INFO: [ app_begin ] --END-- [ RunTime:0.000490s ]
INFO: Authenticate Behavior ::run [ RunTime:0.000123s ]
NOTIC: [8192] mysql_connect(): The mysql extension is deprecated and will be removed in the future: use mysqli or PDO instead /Applications/XAMPP/xamppfiles/htdocs/wukongHRM/Base/Lib/Driver/Db/DbMysql.class.php 第 55 行.
SQL: SHOW COLUMNS FROM `hr_message` [ RunTime:0.001361s ]
NOTIC: [8192] preg_replace(): The /e modifier is deprecated, use preg_replace_callback instead /Applications/XAMPP/xamppfiles/htdocs/wukongHRM/Base/Lib/Core/Db.class.php 第 604 行.
SQL: SELECT COUNT(*) AS tp_count FROM `hr_message` WHERE ( `to_user_id` = 1 ) AND ( `read_time` = 0 ) AND ( `is_deleted` <> 1 ) LIMIT 1   [ RunTime:0.000164s ]

[ 2015-08-13T19:11:31+08:00 ] 10.1.2.131 /wukongHrm/index.php?g=core&m=message&a=tips
NOTIC: [8192] preg_replace(): The /e modifier is deprecated, use preg_replace_callback instead /Applications/XAMPP/xamppfiles/htdocs/wukongHRM/Base/Common/common.php 第 217 行.
INFO: [ app_begin ] --START--
INFO: ReadHtmlCache Behavior ::run [ RunTime:0.000266s ]
INFO: App Behavior ::run [ RunTime:0.000313s ]
INFO: [ app_begin ] --END-- [ RunTime:0.000625s ]
INFO: Authenticate Behavior ::run [ RunTime:0.000134s ]
NOTIC: [8192] mysql_connect(): The mysql extension is deprecated and will be removed in the future: use mysqli or PDO instead /Applications/XAMPP/xamppfiles/htdocs/wukongHRM/Base/Lib/Driver/Db/DbMysql.class.php 第 55 行.
SQL: SHOW COLUMNS FROM `hr_message` [ RunTime:0.001382s ]
NOTIC: [8192] preg_replace(): The /e modifier is deprecated, use preg_replace_callback instead /Applications/XAMPP/xamppfiles/htdocs/wukongHRM/Base/Lib/Core/Db.class.php 第 604 行.
SQL: SELECT COUNT(*) AS tp_count FROM `hr_message` WHERE ( `to_user_id` = 1 ) AND ( `read_time` = 0 ) AND ( `is_deleted` <> 1 ) LIMIT 1   [ RunTime:0.000184s ]

[ 2015-08-13T19:11:36+08:00 ] 10.1.2.131 /wukongHrm/index.php?g=core&m=message&a=tips
NOTIC: [8192] preg_replace(): The /e modifier is deprecated, use preg_replace_callback instead /Applications/XAMPP/xamppfiles/htdocs/wukongHRM/Base/Common/common.php 第 217 行.
INFO: [ app_begin ] --START--
INFO: ReadHtmlCache Behavior ::run [ RunTime:0.000305s ]
INFO: App Behavior ::run [ RunTime:0.000446s ]
INFO: [ app_begin ] --END-- [ RunTime:0.000821s ]
INFO: Authenticate Behavior ::run [ RunTime:0.000192s ]
NOTIC: [8192] mysql_connect(): The mysql extension is deprecated and will be removed in the future: use mysqli or PDO instead /Applications/XAMPP/xamppfiles/htdocs/wukongHRM/Base/Lib/Driver/Db/DbMysql.class.php 第 55 行.
SQL: SHOW COLUMNS FROM `hr_message` [ RunTime:0.001459s ]
NOTIC: [8192] preg_replace(): The /e modifier is deprecated, use preg_replace_callback instead /Applications/XAMPP/xamppfiles/htdocs/wukongHRM/Base/Lib/Core/Db.class.php 第 604 行.
SQL: SELECT COUNT(*) AS tp_count FROM `hr_message` WHERE ( `to_user_id` = 1 ) AND ( `read_time` = 0 ) AND ( `is_deleted` <> 1 ) LIMIT 1   [ RunTime:0.000315s ]

[ 2015-08-13T19:11:41+08:00 ] 10.1.2.131 /wukongHrm/index.php?g=core&m=message&a=tips
NOTIC: [8192] preg_replace(): The /e modifier is deprecated, use preg_replace_callback instead /Applications/XAMPP/xamppfiles/htdocs/wukongHRM/Base/Common/common.php 第 217 行.
INFO: [ app_begin ] --START--
INFO: ReadHtmlCache Behavior ::run [ RunTime:0.000196s ]
INFO: App Behavior ::run [ RunTime:0.000330s ]
INFO: [ app_begin ] --END-- [ RunTime:0.000568s ]
INFO: Authenticate Behavior ::run [ RunTime:0.000164s ]
NOTIC: [8192] mysql_connect(): The mysql extension is deprecated and will be removed in the future: use mysqli or PDO instead /Applications/XAMPP/xamppfiles/htdocs/wukongHRM/Base/Lib/Driver/Db/DbMysql.class.php 第 55 行.
SQL: SHOW COLUMNS FROM `hr_message` [ RunTime:0.001036s ]
NOTIC: [8192] preg_replace(): The /e modifier is deprecated, use preg_replace_callback instead /Applications/XAMPP/xamppfiles/htdocs/wukongHRM/Base/Lib/Core/Db.class.php 第 604 行.
SQL: SELECT COUNT(*) AS tp_count FROM `hr_message` WHERE ( `to_user_id` = 1 ) AND ( `read_time` = 0 ) AND ( `is_deleted` <> 1 ) LIMIT 1   [ RunTime:0.000154s ]

[ 2015-08-13T19:11:46+08:00 ] 10.1.2.131 /wukongHrm/index.php?g=core&m=message&a=tips
NOTIC: [8192] preg_replace(): The /e modifier is deprecated, use preg_replace_callback instead /Applications/XAMPP/xamppfiles/htdocs/wukongHRM/Base/Common/common.php 第 217 行.
INFO: [ app_begin ] --START--
INFO: ReadHtmlCache Behavior ::run [ RunTime:0.000243s ]
INFO: App Behavior ::run [ RunTime:0.000364s ]
INFO: [ app_begin ] --END-- [ RunTime:0.000658s ]
INFO: Authenticate Behavior ::run [ RunTime:0.000173s ]
NOTIC: [8192] mysql_connect(): The mysql extension is deprecated and will be removed in the future: use mysqli or PDO instead /Applications/XAMPP/xamppfiles/htdocs/wukongHRM/Base/Lib/Driver/Db/DbMysql.class.php 第 55 行.
SQL: SHOW COLUMNS FROM `hr_message` [ RunTime:0.001543s ]
NOTIC: [8192] preg_replace(): The /e modifier is deprecated, use preg_replace_callback instead /Applications/XAMPP/xamppfiles/htdocs/wukongHRM/Base/Lib/Core/Db.class.php 第 604 行.
SQL: SELECT COUNT(*) AS tp_count FROM `hr_message` WHERE ( `to_user_id` = 1 ) AND ( `read_time` = 0 ) AND ( `is_deleted` <> 1 ) LIMIT 1   [ RunTime:0.000220s ]

[ 2015-08-13T19:11:51+08:00 ] 10.1.2.131 /wukongHrm/index.php?g=core&m=message&a=tips
NOTIC: [8192] preg_replace(): The /e modifier is deprecated, use preg_replace_callback instead /Applications/XAMPP/xamppfiles/htdocs/wukongHRM/Base/Common/common.php 第 217 行.
INFO: [ app_begin ] --START--
INFO: ReadHtmlCache Behavior ::run [ RunTime:0.000304s ]
INFO: App Behavior ::run [ RunTime:0.000405s ]
INFO: [ app_begin ] --END-- [ RunTime:0.000772s ]
INFO: Authenticate Behavior ::run [ RunTime:0.000183s ]
NOTIC: [8192] mysql_connect(): The mysql extension is deprecated and will be removed in the future: use mysqli or PDO instead /Applications/XAMPP/xamppfiles/htdocs/wukongHRM/Base/Lib/Driver/Db/DbMysql.class.php 第 55 行.
SQL: SHOW COLUMNS FROM `hr_message` [ RunTime:0.001696s ]
NOTIC: [8192] preg_replace(): The /e modifier is deprecated, use preg_replace_callback instead /Applications/XAMPP/xamppfiles/htdocs/wukongHRM/Base/Lib/Core/Db.class.php 第 604 行.
SQL: SELECT COUNT(*) AS tp_count FROM `hr_message` WHERE ( `to_user_id` = 1 ) AND ( `read_time` = 0 ) AND ( `is_deleted` <> 1 ) LIMIT 1   [ RunTime:0.000267s ]

[ 2015-08-13T19:11:56+08:00 ] 10.1.2.131 /wukongHrm/index.php?g=core&m=message&a=tips
NOTIC: [8192] preg_replace(): The /e modifier is deprecated, use preg_replace_callback instead /Applications/XAMPP/xamppfiles/htdocs/wukongHRM/Base/Common/common.php 第 217 行.
INFO: [ app_begin ] --START--
INFO: ReadHtmlCache Behavior ::run [ RunTime:0.000277s ]
INFO: App Behavior ::run [ RunTime:0.000432s ]
INFO: [ app_begin ] --END-- [ RunTime:0.000764s ]
INFO: Authenticate Behavior ::run [ RunTime:0.000178s ]
NOTIC: [8192] mysql_connect(): The mysql extension is deprecated and will be removed in the future: use mysqli or PDO instead /Applications/XAMPP/xamppfiles/htdocs/wukongHRM/Base/Lib/Driver/Db/DbMysql.class.php 第 55 行.
SQL: SHOW COLUMNS FROM `hr_message` [ RunTime:0.001741s ]
NOTIC: [8192] preg_replace(): The /e modifier is deprecated, use preg_replace_callback instead /Applications/XAMPP/xamppfiles/htdocs/wukongHRM/Base/Lib/Core/Db.class.php 第 604 行.
SQL: SELECT COUNT(*) AS tp_count FROM `hr_message` WHERE ( `to_user_id` = 1 ) AND ( `read_time` = 0 ) AND ( `is_deleted` <> 1 ) LIMIT 1   [ RunTime:0.000237s ]

