[ 2015-08-12T18:59:32+08:00 ] 10.1.2.131 /wukongHrm/index.php?g=core&m=task&a=ajaxmonth&year=2015&month=7
NOTIC: [8192] preg_replace(): The /e modifier is deprecated, use preg_replace_callback instead /Applications/XAMPP/xamppfiles/htdocs/wukongHRM/Base/Common/common.php 第 217 行.
INFO: [ app_begin ] --START--
INFO: ReadHtmlCache Behavior ::run [ RunTime:0.000227s ]
INFO: App Behavior ::run [ RunTime:0.000337s ]
INFO: [ app_begin ] --END-- [ RunTime:0.000619s ]
INFO: Authenticate Behavior ::run [ RunTime:0.000147s ]
NOTIC: 建议使用I方法替代_get
NOTIC: 建议使用I方法替代_get
NOTIC: [8192] mysql_connect(): The mysql extension is deprecated and will be removed in the future: use mysqli or PDO instead /Applications/XAMPP/xamppfiles/htdocs/wukongHRM/Base/Lib/Driver/Db/DbMysql.class.php 第 55 行.
SQL: SHOW COLUMNS FROM `hr_task` [ RunTime:0.000951s ]
NOTIC: [8192] preg_replace(): The /e modifier is deprecated, use preg_replace_callback instead /Applications/XAMPP/xamppfiles/htdocs/wukongHRM/Base/Lib/Core/Db.class.php 第 604 行.
SQL: SELECT * FROM `hr_task` WHERE ( `executor_id` = 1 ) AND (  (  (`start_time` BETWEEN 1438358399 AND 1441036800 ) ) OR (  ( `start_time` < 1438358399 ) AND ( `end_time` > 1438358400 ) ) )  [ RunTime:0.000202s ]
SQL: SHOW COLUMNS FROM `hr_event` [ RunTime:0.000753s ]
NOTIC: [8192] preg_replace(): The /e modifier is deprecated, use preg_replace_callback instead /Applications/XAMPP/xamppfiles/htdocs/wukongHRM/Base/Lib/Core/Db.class.php 第 604 行.
SQL: SELECT * FROM `hr_event` WHERE ( `user_id` = 1 ) AND (  (  (`start_time` BETWEEN 1438358399 AND 1441036800 ) ) OR (  ( `start_time` < 1438358399 ) AND ( `end_time` > 1438358400 ) ) )  [ RunTime:0.000175s ]
NOTIC: [2] Invalid argument supplied for foreach() /Applications/XAMPP/xamppfiles/htdocs/wukongHRM/App/Lib/Model/TaskModel.class.php 第 61 行.
NOTIC: [8] Undefined variable: month_work /Applications/XAMPP/xamppfiles/htdocs/wukongHRM/App/Lib/Model/TaskModel.class.php 第 76 行.

[ 2015-08-12T18:59:32+08:00 ] 10.1.2.131 /wukongHrm/index.php?g=core&m=message&a=tips
NOTIC: [8192] preg_replace(): The /e modifier is deprecated, use preg_replace_callback instead /Applications/XAMPP/xamppfiles/htdocs/wukongHRM/Base/Common/common.php 第 217 行.
INFO: [ app_begin ] --START--
INFO: ReadHtmlCache Behavior ::run [ RunTime:0.000215s ]
INFO: App Behavior ::run [ RunTime:0.000320s ]
INFO: [ app_begin ] --END-- [ RunTime:0.000581s ]
INFO: Authenticate Behavior ::run [ RunTime:0.000156s ]
NOTIC: [8192] mysql_connect(): The mysql extension is deprecated and will be removed in the future: use mysqli or PDO instead /Applications/XAMPP/xamppfiles/htdocs/wukongHRM/Base/Lib/Driver/Db/DbMysql.class.php 第 55 行.
SQL: SHOW COLUMNS FROM `hr_message` [ RunTime:0.000836s ]
NOTIC: [8192] preg_replace(): The /e modifier is deprecated, use preg_replace_callback instead /Applications/XAMPP/xamppfiles/htdocs/wukongHRM/Base/Lib/Core/Db.class.php 第 604 行.
SQL: SELECT COUNT(*) AS tp_count FROM `hr_message` WHERE ( `to_user_id` = 1 ) AND ( `read_time` = 0 ) AND ( `is_deleted` <> 1 ) LIMIT 1   [ RunTime:0.000190s ]

[ 2015-08-12T18:59:37+08:00 ] 10.1.2.131 /wukongHrm/index.php?g=core&m=message&a=tips
NOTIC: [8192] preg_replace(): The /e modifier is deprecated, use preg_replace_callback instead /Applications/XAMPP/xamppfiles/htdocs/wukongHRM/Base/Common/common.php 第 217 行.
INFO: [ app_begin ] --START--
INFO: ReadHtmlCache Behavior ::run [ RunTime:0.000220s ]
INFO: App Behavior ::run [ RunTime:0.000330s ]
INFO: [ app_begin ] --END-- [ RunTime:0.000597s ]
INFO: Authenticate Behavior ::run [ RunTime:0.000146s ]
NOTIC: [8192] mysql_connect(): The mysql extension is deprecated and will be removed in the future: use mysqli or PDO instead /Applications/XAMPP/xamppfiles/htdocs/wukongHRM/Base/Lib/Driver/Db/DbMysql.class.php 第 55 行.
SQL: SHOW COLUMNS FROM `hr_message` [ RunTime:0.001662s ]
NOTIC: [8192] preg_replace(): The /e modifier is deprecated, use preg_replace_callback instead /Applications/XAMPP/xamppfiles/htdocs/wukongHRM/Base/Lib/Core/Db.class.php 第 604 行.
SQL: SELECT COUNT(*) AS tp_count FROM `hr_message` WHERE ( `to_user_id` = 1 ) AND ( `read_time` = 0 ) AND ( `is_deleted` <> 1 ) LIMIT 1   [ RunTime:0.000180s ]

[ 2015-08-12T18:59:42+08:00 ] 10.1.2.131 /wukongHrm/index.php?g=core&m=message&a=tips
NOTIC: [8192] preg_replace(): The /e modifier is deprecated, use preg_replace_callback instead /Applications/XAMPP/xamppfiles/htdocs/wukongHRM/Base/Common/common.php 第 217 行.
INFO: [ app_begin ] --START--
INFO: ReadHtmlCache Behavior ::run [ RunTime:0.000247s ]
INFO: App Behavior ::run [ RunTime:0.000312s ]
INFO: [ app_begin ] --END-- [ RunTime:0.000606s ]
INFO: Authenticate Behavior ::run [ RunTime:0.000137s ]
NOTIC: [8192] mysql_connect(): The mysql extension is deprecated and will be removed in the future: use mysqli or PDO instead /Applications/XAMPP/xamppfiles/htdocs/wukongHRM/Base/Lib/Driver/Db/DbMysql.class.php 第 55 行.
SQL: SHOW COLUMNS FROM `hr_message` [ RunTime:0.001661s ]
NOTIC: [8192] preg_replace(): The /e modifier is deprecated, use preg_replace_callback instead /Applications/XAMPP/xamppfiles/htdocs/wukongHRM/Base/Lib/Core/Db.class.php 第 604 行.
SQL: SELECT COUNT(*) AS tp_count FROM `hr_message` WHERE ( `to_user_id` = 1 ) AND ( `read_time` = 0 ) AND ( `is_deleted` <> 1 ) LIMIT 1   [ RunTime:0.000193s ]

[ 2015-08-12T18:59:47+08:00 ] 10.1.2.131 /wukongHrm/index.php?g=core&m=message&a=tips
NOTIC: [8192] preg_replace(): The /e modifier is deprecated, use preg_replace_callback instead /Applications/XAMPP/xamppfiles/htdocs/wukongHRM/Base/Common/common.php 第 217 行.
INFO: [ app_begin ] --START--
INFO: ReadHtmlCache Behavior ::run [ RunTime:0.000223s ]
INFO: App Behavior ::run [ RunTime:0.000284s ]
INFO: [ app_begin ] --END-- [ RunTime:0.000551s ]
INFO: Authenticate Behavior ::run [ RunTime:0.000127s ]
NOTIC: [8192] mysql_connect(): The mysql extension is deprecated and will be removed in the future: use mysqli or PDO instead /Applications/XAMPP/xamppfiles/htdocs/wukongHRM/Base/Lib/Driver/Db/DbMysql.class.php 第 55 行.
SQL: SHOW COLUMNS FROM `hr_message` [ RunTime:0.001379s ]
NOTIC: [8192] preg_replace(): The /e modifier is deprecated, use preg_replace_callback instead /Applications/XAMPP/xamppfiles/htdocs/wukongHRM/Base/Lib/Core/Db.class.php 第 604 行.
SQL: SELECT COUNT(*) AS tp_count FROM `hr_message` WHERE ( `to_user_id` = 1 ) AND ( `read_time` = 0 ) AND ( `is_deleted` <> 1 ) LIMIT 1   [ RunTime:0.000170s ]

